<?xml version="1.0" encoding="UTF-8"?>
<coverage generated="1774030115212" clover="3.2.0">
  <project timestamp="1774030115213" name="All files">
    <metrics statements="90" coveredstatements="84" conditionals="46" coveredconditionals="38" methods="44" coveredmethods="43" elements="180" coveredelements="165" complexity="0" loc="90" ncloc="90" packages="4" files="17" classes="17"/>
    <package name="entities.enums">
      <metrics statements="3" coveredstatements="3" conditionals="0" coveredconditionals="0" methods="1" coveredmethods="1"/>
      <file name="user-role.ts" path="E:\ws-projetos\projeto-fiap-tech-challenger\learn.io\src\entities\enums\user-role.ts">
        <metrics statements="3" coveredstatements="3" conditionals="0" coveredconditionals="0" methods="1" coveredmethods="1"/>
        <line num="1" count="8" type="stmt"/>
        <line num="2" count="8" type="stmt"/>
        <line num="3" count="8" type="stmt"/>
      </file>
    </package>
    <package name="repositories.in-memory">
      <metrics statements="36" coveredstatements="34" conditionals="16" coveredconditionals="13" methods="20" coveredmethods="19"/>
      <file name="in-memory-address-repository.ts" path="E:\ws-projetos\projeto-fiap-tech-challenger\learn.io\src\repositories\in-memory\in-memory-address-repository.ts">
        <metrics statements="9" coveredstatements="8" conditionals="2" coveredconditionals="1" methods="4" coveredmethods="4"/>
        <line num="6" count="5" type="stmt"/>
        <line num="9" count="10" type="stmt"/>
        <line num="18" count="10" type="stmt"/>
        <line num="19" count="10" type="stmt"/>
        <line num="27" count="3" type="stmt"/>
        <line num="28" count="9" type="cond" truecount="1" falsecount="1"/>
        <line num="29" count="9" type="stmt"/>
        <line num="31" count="0" type="stmt"/>
        <line num="34" count="3" type="stmt"/>
      </file>
      <file name="in-memory-posts-repository.ts" path="E:\ws-projetos\projeto-fiap-tech-challenger\learn.io\src\repositories\in-memory\in-memory-posts-repository.ts">
        <metrics statements="17" coveredstatements="16" conditionals="12" coveredconditionals="10" methods="11" coveredmethods="10"/>
        <line num="5" count="12" type="stmt"/>
        <line num="9" count="17" type="stmt"/>
        <line num="19" count="17" type="stmt"/>
        <line num="20" count="17" type="stmt"/>
        <line num="24" count="5" type="stmt"/>
        <line num="25" count="5" type="cond" truecount="2" falsecount="0"/>
        <line num="29" count="2" type="stmt"/>
        <line num="33" count="2" type="stmt"/>
        <line num="34" count="2" type="cond" truecount="2" falsecount="0"/>
        <line num="39" count="1" type="stmt"/>
        <line num="41" count="1" type="cond" truecount="1" falsecount="1"/>
        <line num="42" count="1" type="stmt"/>
        <line num="45" count="1" type="stmt"/>
        <line num="49" count="0" type="stmt"/>
        <line num="53" count="1" type="stmt"/>
        <line num="54" count="1" type="cond" truecount="1" falsecount="1"/>
        <line num="55" count="1" type="stmt"/>
      </file>
      <file name="in-memory-users-repository.ts" path="E:\ws-projetos\projeto-fiap-tech-challenger\learn.io\src\repositories\in-memory\in-memory-users-repository.ts">
        <metrics statements="10" coveredstatements="10" conditionals="2" coveredconditionals="2" methods="5" coveredmethods="5"/>
        <line num="6" count="6" type="stmt"/>
        <line num="9" count="6" type="stmt"/>
        <line num="16" count="6" type="stmt"/>
        <line num="17" count="6" type="stmt"/>
        <line num="21" count="2" type="stmt"/>
        <line num="23" count="2" type="cond" truecount="2" falsecount="0"/>
        <line num="24" count="1" type="stmt"/>
        <line num="27" count="1" type="stmt"/>
        <line num="38" count="2" type="stmt"/>
        <line num="39" count="2" type="stmt"/>
      </file>
    </package>
    <package name="useCases">
      <metrics statements="48" coveredstatements="44" conditionals="30" coveredconditionals="25" methods="20" coveredmethods="20"/>
      <file name="create-address.ts" path="E:\ws-projetos\projeto-fiap-tech-challenger\learn.io\src\useCases\create-address.ts">
        <metrics statements="3" coveredstatements="3" conditionals="2" coveredconditionals="2" methods="2" coveredmethods="2"/>
        <line num="6" count="2" type="stmt"/>
        <line num="9" count="2" type="cond" truecount="2" falsecount="0"/>
        <line num="10" count="1" type="stmt"/>
      </file>
      <file name="create-posts.ts" path="E:\ws-projetos\projeto-fiap-tech-challenger\learn.io\src\useCases\create-posts.ts">
        <metrics statements="4" coveredstatements="4" conditionals="2" coveredconditionals="2" methods="2" coveredmethods="2"/>
        <line num="7" count="2" type="stmt"/>
        <line num="10" count="2" type="cond" truecount="2" falsecount="0"/>
        <line num="11" count="1" type="stmt"/>
        <line num="13" count="1" type="stmt"/>
      </file>
      <file name="create-user.ts" path="E:\ws-projetos\projeto-fiap-tech-challenger\learn.io\src\useCases\create-user.ts">
        <metrics statements="2" coveredstatements="2" conditionals="0" coveredconditionals="0" methods="2" coveredmethods="2"/>
        <line num="5" count="2" type="stmt"/>
        <line num="8" count="2" type="stmt"/>
      </file>
      <file name="delete-posts.ts" path="E:\ws-projetos\projeto-fiap-tech-challenger\learn.io\src\useCases\delete-posts.ts">
        <metrics statements="7" coveredstatements="7" conditionals="4" coveredconditionals="4" methods="2" coveredmethods="2"/>
        <line num="7" count="3" type="stmt"/>
        <line num="10" count="3" type="stmt"/>
        <line num="12" count="3" type="cond" truecount="2" falsecount="0"/>
        <line num="13" count="1" type="stmt"/>
        <line num="16" count="2" type="cond" truecount="2" falsecount="0"/>
        <line num="17" count="1" type="stmt"/>
        <line num="20" count="1" type="stmt"/>
      </file>
      <file name="find-address-by-person.ts" path="E:\ws-projetos\projeto-fiap-tech-challenger\learn.io\src\useCases\find-address-by-person.ts">
        <metrics statements="4" coveredstatements="4" conditionals="2" coveredconditionals="1" methods="2" coveredmethods="2"/>
        <line num="5" count="3" type="stmt"/>
        <line num="8" count="3" type="stmt"/>
        <line num="14" count="3" type="cond" truecount="1" falsecount="1"/>
        <line num="16" count="3" type="stmt"/>
      </file>
      <file name="find-all-posts.ts" path="E:\ws-projetos\projeto-fiap-tech-challenger\learn.io\src\useCases\find-all-posts.ts">
        <metrics statements="4" coveredstatements="4" conditionals="4" coveredconditionals="4" methods="2" coveredmethods="2"/>
        <line num="7" count="3" type="stmt"/>
        <line num="10" count="3" type="cond" truecount="4" falsecount="0"/>
        <line num="11" count="1" type="stmt"/>
        <line num="13" count="2" type="stmt"/>
      </file>
      <file name="find-with-person.ts" path="E:\ws-projetos\projeto-fiap-tech-challenger\learn.io\src\useCases\find-with-person.ts">
        <metrics statements="4" coveredstatements="4" conditionals="2" coveredconditionals="2" methods="2" coveredmethods="2"/>
        <line num="7" count="2" type="stmt"/>
        <line num="10" count="2" type="stmt"/>
        <line num="11" count="2" type="cond" truecount="2" falsecount="0"/>
        <line num="12" count="1" type="stmt"/>
      </file>
      <file name="search-posts.ts" path="E:\ws-projetos\projeto-fiap-tech-challenger\learn.io\src\useCases\search-posts.ts">
        <metrics statements="7" coveredstatements="5" conditionals="6" coveredconditionals="4" methods="2" coveredmethods="2"/>
        <line num="6" count="2" type="stmt"/>
        <line num="9" count="2" type="cond" truecount="1" falsecount="1"/>
        <line num="10" count="0" type="stmt"/>
        <line num="13" count="2" type="cond" truecount="3" falsecount="1"/>
        <line num="14" count="0" type="stmt"/>
        <line num="17" count="2" type="stmt"/>
        <line num="18" count="2" type="stmt"/>
      </file>
      <file name="signin.ts" path="E:\ws-projetos\projeto-fiap-tech-challenger\learn.io\src\useCases\signin.ts">
        <metrics statements="4" coveredstatements="4" conditionals="2" coveredconditionals="2" methods="2" coveredmethods="2"/>
        <line num="5" count="2" type="stmt"/>
        <line num="8" count="2" type="stmt"/>
        <line num="10" count="2" type="cond" truecount="2" falsecount="0"/>
        <line num="12" count="1" type="stmt"/>
      </file>
      <file name="update-posts.ts" path="E:\ws-projetos\projeto-fiap-tech-challenger\learn.io\src\useCases\update-posts.ts">
        <metrics statements="9" coveredstatements="7" conditionals="6" coveredconditionals="4" methods="2" coveredmethods="2"/>
        <line num="8" count="2" type="stmt"/>
        <line num="11" count="2" type="cond" truecount="1" falsecount="1"/>
        <line num="12" count="0" type="stmt"/>
        <line num="15" count="2" type="stmt"/>
        <line num="17" count="2" type="cond" truecount="1" falsecount="1"/>
        <line num="18" count="0" type="stmt"/>
        <line num="21" count="2" type="cond" truecount="2" falsecount="0"/>
        <line num="22" count="1" type="stmt"/>
        <line num="25" count="1" type="stmt"/>
      </file>
    </package>
    <package name="useCases.errors">
      <metrics statements="3" coveredstatements="3" conditionals="0" coveredconditionals="0" methods="3" coveredmethods="3"/>
      <file name="UnauthorizedError.ts" path="E:\ws-projetos\projeto-fiap-tech-challenger\learn.io\src\useCases\errors\UnauthorizedError.ts">
        <metrics statements="1" coveredstatements="1" conditionals="0" coveredconditionals="0" methods="1" coveredmethods="1"/>
        <line num="3" count="4" type="stmt"/>
      </file>
      <file name="invalid-credencials-error.ts" path="E:\ws-projetos\projeto-fiap-tech-challenger\learn.io\src\useCases\errors\invalid-credencials-error.ts">
        <metrics statements="1" coveredstatements="1" conditionals="0" coveredconditionals="0" methods="1" coveredmethods="1"/>
        <line num="3" count="1" type="stmt"/>
      </file>
      <file name="resource-not-found-error.ts" path="E:\ws-projetos\projeto-fiap-tech-challenger\learn.io\src\useCases\errors\resource-not-found-error.ts">
        <metrics statements="1" coveredstatements="1" conditionals="0" coveredconditionals="0" methods="1" coveredmethods="1"/>
        <line num="3" count="3" type="stmt"/>
      </file>
    </package>
  </project>
</coverage>
