{"E:\\ws-projetos\\projeto-fiap-tech-challenger\\learn.io\\src\\entities\\enums\\user-role.ts": {"path":"E:\\ws-projetos\\projeto-fiap-tech-challenger\\learn.io\\src\\entities\\enums\\user-role.ts","statementMap":{"0":{"start":{"line":1,"column":7},"end":{"line":4,"column":null}},"1":{"start":{"line":2,"column":2},"end":{"line":2,"column":null}},"2":{"start":{"line":3,"column":2},"end":{"line":3,"column":null}}},"fnMap":{"0":{"name":"(anonymous_0)","decl":{"start":{"line":1,"column":7},"end":{"line":1,"column":12}},"loc":{"start":{"line":1,"column":7},"end":{"line":4,"column":null}},"line":1}},"branchMap":{},"s":{"0":8,"1":8,"2":8},"f":{"0":8},"b":{},"meta":{"lastBranch":0,"lastFunction":1,"lastStatement":3,"seen":{"s:1:7:4:Infinity":0,"f:1:7:1:12":0,"s:2:2:2:Infinity":1,"s:3:2:3:Infinity":2}}}
,"E:\\ws-projetos\\projeto-fiap-tech-challenger\\learn.io\\src\\repositories\\in-memory\\in-memory-address-repository.ts": {"path":"E:\\ws-projetos\\projeto-fiap-tech-challenger\\learn.io\\src\\repositories\\in-memory\\in-memory-address-repository.ts","statementMap":{"0":{"start":{"line":6,"column":29},"end":{"line":6,"column":null}},"1":{"start":{"line":9,"column":33},"end":{"line":16,"column":null}},"2":{"start":{"line":18,"column":4},"end":{"line":18,"column":null}},"3":{"start":{"line":19,"column":4},"end":{"line":19,"column":null}},"4":{"start":{"line":27,"column":22},"end":{"line":32,"column":null}},"5":{"start":{"line":28,"column":6},"end":{"line":29,"column":null}},"6":{"start":{"line":29,"column":8},"end":{"line":29,"column":null}},"7":{"start":{"line":31,"column":6},"end":{"line":31,"column":null}},"8":{"start":{"line":34,"column":4},"end":{"line":41,"column":null}},"9":{"start":{"line":34,"column":76},"end":{"line":41,"column":7}}},"fnMap":{"0":{"name":"(anonymous_0)","decl":{"start":{"line":8,"column":8},"end":{"line":8,"column":15}},"loc":{"start":{"line":8,"column":53},"end":{"line":19,"column":null}},"line":8},"1":{"name":"(anonymous_1)","decl":{"start":{"line":22,"column":8},"end":{"line":22,"column":null}},"loc":{"start":{"line":26,"column":37},"end":{"line":41,"column":null}},"line":26},"2":{"name":"(anonymous_2)","decl":{"start":{"line":27,"column":33},"end":{"line":27,"column":41}},"loc":{"start":{"line":27,"column":50},"end":{"line":32,"column":null}},"line":27},"3":{"name":"(anonymous_3)","decl":{"start":{"line":34,"column":61},"end":{"line":34,"column":66}},"loc":{"start":{"line":34,"column":76},"end":{"line":41,"column":7}},"line":34}},"branchMap":{"0":{"loc":{"start":{"line":28,"column":6},"end":{"line":29,"column":null}},"type":"if","locations":[{"start":{"line":28,"column":6},"end":{"line":29,"column":null}},{"start":{},"end":{}}],"line":28}},"s":{"0":5,"1":10,"2":10,"3":10,"4":3,"5":9,"6":9,"7":0,"8":3,"9":3},"f":{"0":10,"1":3,"2":9,"3":3},"b":{"0":[9,0]},"meta":{"lastBranch":1,"lastFunction":4,"lastStatement":10,"seen":{"s:6:29:6:Infinity":0,"f:8:8:8:15":0,"s:9:33:16:Infinity":1,"s:18:4:18:Infinity":2,"s:19:4:19:Infinity":3,"f:22:8:22:Infinity":1,"s:27:22:32:Infinity":4,"f:27:33:27:41":2,"b:28:6:29:Infinity:undefined:undefined:undefined:undefined":0,"s:28:6:29:Infinity":5,"s:29:8:29:Infinity":6,"s:31:6:31:Infinity":7,"s:34:4:41:Infinity":8,"f:34:61:34:66":3,"s:34:76:41:7":9}}}
,"E:\\ws-projetos\\projeto-fiap-tech-challenger\\learn.io\\src\\repositories\\in-memory\\in-memory-posts-repository.ts": {"path":"E:\\ws-projetos\\projeto-fiap-tech-challenger\\learn.io\\src\\repositories\\in-memory\\in-memory-posts-repository.ts","statementMap":{"0":{"start":{"line":5,"column":27},"end":{"line":5,"column":null}},"1":{"start":{"line":9,"column":25},"end":{"line":17,"column":null}},"2":{"start":{"line":19,"column":4},"end":{"line":19,"column":null}},"3":{"start":{"line":20,"column":4},"end":{"line":20,"column":null}},"4":{"start":{"line":24,"column":17},"end":{"line":24,"column":58}},"5":{"start":{"line":24,"column":43},"end":{"line":24,"column":58}},"6":{"start":{"line":25,"column":4},"end":{"line":25,"column":null}},"7":{"start":{"line":29,"column":4},"end":{"line":29,"column":null}},"8":{"start":{"line":33,"column":4},"end":{"line":35,"column":null}},"9":{"start":{"line":34,"column":16},"end":{"line":34,"column":74}},"10":{"start":{"line":39,"column":22},"end":{"line":39,"column":73}},"11":{"start":{"line":39,"column":53},"end":{"line":39,"column":73}},"12":{"start":{"line":41,"column":4},"end":{"line":42,"column":null}},"13":{"start":{"line":42,"column":6},"end":{"line":42,"column":null}},"14":{"start":{"line":45,"column":4},"end":{"line":45,"column":null}},"15":{"start":{"line":49,"column":4},"end":{"line":49,"column":null}},"16":{"start":{"line":53,"column":22},"end":{"line":53,"column":68}},"17":{"start":{"line":53,"column":53},"end":{"line":53,"column":68}},"18":{"start":{"line":54,"column":4},"end":{"line":55,"column":null}},"19":{"start":{"line":55,"column":6},"end":{"line":55,"column":null}}},"fnMap":{"0":{"name":"(anonymous_0)","decl":{"start":{"line":8,"column":8},"end":{"line":8,"column":15}},"loc":{"start":{"line":8,"column":43},"end":{"line":20,"column":null}},"line":8},"1":{"name":"(anonymous_1)","decl":{"start":{"line":23,"column":8},"end":{"line":23,"column":17}},"loc":{"start":{"line":23,"column":53},"end":{"line":25,"column":null}},"line":23},"2":{"name":"(anonymous_2)","decl":{"start":{"line":24,"column":28},"end":{"line":24,"column":34}},"loc":{"start":{"line":24,"column":43},"end":{"line":24,"column":58}},"line":24},"3":{"name":"(anonymous_3)","decl":{"start":{"line":28,"column":8},"end":{"line":28,"column":16}},"loc":{"start":{"line":28,"column":64},"end":{"line":29,"column":null}},"line":28},"4":{"name":"(anonymous_4)","decl":{"start":{"line":32,"column":8},"end":{"line":32,"column":15}},"loc":{"start":{"line":32,"column":49},"end":{"line":35,"column":null}},"line":32},"5":{"name":"(anonymous_5)","decl":{"start":{"line":33,"column":22},"end":{"line":33,"column":null}},"loc":{"start":{"line":34,"column":16},"end":{"line":34,"column":74}},"line":34},"6":{"name":"(anonymous_6)","decl":{"start":{"line":38,"column":8},"end":{"line":38,"column":15}},"loc":{"start":{"line":38,"column":46},"end":{"line":45,"column":null}},"line":38},"7":{"name":"(anonymous_7)","decl":{"start":{"line":39,"column":33},"end":{"line":39,"column":44}},"loc":{"start":{"line":39,"column":53},"end":{"line":39,"column":73}},"line":39},"8":{"name":"(anonymous_8)","decl":{"start":{"line":48,"column":8},"end":{"line":48,"column":13}},"loc":{"start":{"line":48,"column":44},"end":{"line":49,"column":null}},"line":48},"9":{"name":"(anonymous_9)","decl":{"start":{"line":52,"column":8},"end":{"line":52,"column":15}},"loc":{"start":{"line":52,"column":42},"end":{"line":55,"column":null}},"line":52},"10":{"name":"(anonymous_10)","decl":{"start":{"line":53,"column":33},"end":{"line":53,"column":44}},"loc":{"start":{"line":53,"column":53},"end":{"line":53,"column":68}},"line":53}},"branchMap":{"0":{"loc":{"start":{"line":13,"column":17},"end":{"line":13,"column":null}},"type":"binary-expr","locations":[{"start":{"line":13,"column":17},"end":{"line":13,"column":35}},{"start":{"line":13,"column":35},"end":{"line":13,"column":null}}],"line":13},"1":{"loc":{"start":{"line":14,"column":17},"end":{"line":14,"column":null}},"type":"binary-expr","locations":[{"start":{"line":14,"column":17},"end":{"line":14,"column":35}},{"start":{"line":14,"column":35},"end":{"line":14,"column":null}}],"line":14},"2":{"loc":{"start":{"line":25,"column":11},"end":{"line":25,"column":null}},"type":"binary-expr","locations":[{"start":{"line":25,"column":11},"end":{"line":25,"column":19}},{"start":{"line":25,"column":19},"end":{"line":25,"column":null}}],"line":25},"3":{"loc":{"start":{"line":34,"column":16},"end":{"line":34,"column":74}},"type":"binary-expr","locations":[{"start":{"line":34,"column":16},"end":{"line":34,"column":42}},{"start":{"line":34,"column":46},"end":{"line":34,"column":74}}],"line":34},"4":{"loc":{"start":{"line":41,"column":4},"end":{"line":42,"column":null}},"type":"if","locations":[{"start":{"line":41,"column":4},"end":{"line":42,"column":null}},{"start":{},"end":{}}],"line":41},"5":{"loc":{"start":{"line":54,"column":4},"end":{"line":55,"column":null}},"type":"if","locations":[{"start":{"line":54,"column":4},"end":{"line":55,"column":null}},{"start":{},"end":{}}],"line":54}},"s":{"0":12,"1":17,"2":17,"3":17,"4":5,"5":5,"6":5,"7":2,"8":2,"9":2,"10":1,"11":1,"12":1,"13":1,"14":1,"15":0,"16":1,"17":1,"18":1,"19":1},"f":{"0":17,"1":5,"2":5,"3":2,"4":2,"5":2,"6":1,"7":1,"8":0,"9":1,"10":1},"b":{"0":[17,16],"1":[17,16],"2":[5,1],"3":[2,1],"4":[1,0],"5":[1,0]},"meta":{"lastBranch":6,"lastFunction":11,"lastStatement":20,"seen":{"s:5:27:5:Infinity":0,"f:8:8:8:15":0,"s:9:25:17:Infinity":1,"b:13:17:13:35:13:35:13:Infinity":0,"b:14:17:14:35:14:35:14:Infinity":1,"s:19:4:19:Infinity":2,"s:20:4:20:Infinity":3,"f:23:8:23:17":1,"s:24:17:24:58":4,"f:24:28:24:34":2,"s:24:43:24:58":5,"s:25:4:25:Infinity":6,"b:25:11:25:19:25:19:25:Infinity":2,"f:28:8:28:16":3,"s:29:4:29:Infinity":7,"f:32:8:32:15":4,"s:33:4:35:Infinity":8,"f:33:22:33:Infinity":5,"s:34:16:34:74":9,"b:34:16:34:42:34:46:34:74":3,"f:38:8:38:15":6,"s:39:22:39:73":10,"f:39:33:39:44":7,"s:39:53:39:73":11,"b:41:4:42:Infinity:undefined:undefined:undefined:undefined":4,"s:41:4:42:Infinity":12,"s:42:6:42:Infinity":13,"s:45:4:45:Infinity":14,"f:48:8:48:13":8,"s:49:4:49:Infinity":15,"f:52:8:52:15":9,"s:53:22:53:68":16,"f:53:33:53:44":10,"s:53:53:53:68":17,"b:54:4:55:Infinity:undefined:undefined:undefined:undefined":5,"s:54:4:55:Infinity":18,"s:55:6:55:Infinity":19}}}
,"E:\\ws-projetos\\projeto-fiap-tech-challenger\\learn.io\\src\\repositories\\in-memory\\in-memory-users-repository.ts": {"path":"E:\\ws-projetos\\projeto-fiap-tech-challenger\\learn.io\\src\\repositories\\in-memory\\in-memory-users-repository.ts","statementMap":{"0":{"start":{"line":6,"column":26},"end":{"line":6,"column":null}},"1":{"start":{"line":9,"column":27},"end":{"line":14,"column":null}},"2":{"start":{"line":16,"column":4},"end":{"line":16,"column":null}},"3":{"start":{"line":17,"column":4},"end":{"line":17,"column":null}},"4":{"start":{"line":21,"column":17},"end":{"line":21,"column":62}},"5":{"start":{"line":21,"column":43},"end":{"line":21,"column":62}},"6":{"start":{"line":23,"column":4},"end":{"line":24,"column":null}},"7":{"start":{"line":24,"column":6},"end":{"line":24,"column":null}},"8":{"start":{"line":27,"column":4},"end":{"line":34,"column":null}},"9":{"start":{"line":38,"column":17},"end":{"line":38,"column":70}},"10":{"start":{"line":38,"column":43},"end":{"line":38,"column":70}},"11":{"start":{"line":39,"column":4},"end":{"line":39,"column":null}}},"fnMap":{"0":{"name":"(anonymous_0)","decl":{"start":{"line":8,"column":8},"end":{"line":8,"column":15}},"loc":{"start":{"line":8,"column":44},"end":{"line":17,"column":null}},"line":8},"1":{"name":"(anonymous_1)","decl":{"start":{"line":20,"column":8},"end":{"line":20,"column":23}},"loc":{"start":{"line":20,"column":79},"end":{"line":34,"column":null}},"line":20},"2":{"name":"(anonymous_2)","decl":{"start":{"line":21,"column":28},"end":{"line":21,"column":34}},"loc":{"start":{"line":21,"column":43},"end":{"line":21,"column":62}},"line":21},"3":{"name":"(anonymous_3)","decl":{"start":{"line":37,"column":8},"end":{"line":37,"column":23}},"loc":{"start":{"line":37,"column":69},"end":{"line":39,"column":null}},"line":37},"4":{"name":"(anonymous_4)","decl":{"start":{"line":38,"column":28},"end":{"line":38,"column":34}},"loc":{"start":{"line":38,"column":43},"end":{"line":38,"column":70}},"line":38}},"branchMap":{"0":{"loc":{"start":{"line":23,"column":4},"end":{"line":24,"column":null}},"type":"if","locations":[{"start":{"line":23,"column":4},"end":{"line":24,"column":null}},{"start":{},"end":{}}],"line":23}},"s":{"0":6,"1":6,"2":6,"3":6,"4":2,"5":2,"6":2,"7":1,"8":1,"9":2,"10":2,"11":2},"f":{"0":6,"1":2,"2":2,"3":2,"4":2},"b":{"0":[1,1]},"meta":{"lastBranch":1,"lastFunction":5,"lastStatement":12,"seen":{"s:6:26:6:Infinity":0,"f:8:8:8:15":0,"s:9:27:14:Infinity":1,"s:16:4:16:Infinity":2,"s:17:4:17:Infinity":3,"f:20:8:20:23":1,"s:21:17:21:62":4,"f:21:28:21:34":2,"s:21:43:21:62":5,"b:23:4:24:Infinity:undefined:undefined:undefined:undefined":0,"s:23:4:24:Infinity":6,"s:24:6:24:Infinity":7,"s:27:4:34:Infinity":8,"f:37:8:37:23":3,"s:38:17:38:70":9,"f:38:28:38:34":4,"s:38:43:38:70":10,"s:39:4:39:Infinity":11}}}
,"E:\\ws-projetos\\projeto-fiap-tech-challenger\\learn.io\\src\\useCases\\create-address.ts": {"path":"E:\\ws-projetos\\projeto-fiap-tech-challenger\\learn.io\\src\\useCases\\create-address.ts","statementMap":{"0":{"start":{"line":6,"column":22},"end":{"line":6,"column":61}},"1":{"start":{"line":9,"column":4},"end":{"line":9,"column":null}},"2":{"start":{"line":9,"column":25},"end":{"line":9,"column":null}},"3":{"start":{"line":10,"column":4},"end":{"line":10,"column":null}}},"fnMap":{"0":{"name":"(anonymous_0)","decl":{"start":{"line":6,"column":2},"end":{"line":6,"column":14}},"loc":{"start":{"line":6,"column":61},"end":{"line":6,"column":61}},"line":6},"1":{"name":"(anonymous_1)","decl":{"start":{"line":8,"column":8},"end":{"line":8,"column":16}},"loc":{"start":{"line":8,"column":66},"end":{"line":10,"column":null}},"line":8}},"branchMap":{"0":{"loc":{"start":{"line":9,"column":4},"end":{"line":9,"column":null}},"type":"if","locations":[{"start":{"line":9,"column":4},"end":{"line":9,"column":null}},{"start":{},"end":{}}],"line":9}},"s":{"0":2,"1":2,"2":1,"3":1},"f":{"0":2,"1":2},"b":{"0":[1,1]},"meta":{"lastBranch":1,"lastFunction":2,"lastStatement":4,"seen":{"f:6:2:6:14":0,"s:6:22:6:61":0,"f:8:8:8:16":1,"b:9:4:9:Infinity:undefined:undefined:undefined:undefined":0,"s:9:4:9:Infinity":1,"s:9:25:9:Infinity":2,"s:10:4:10:Infinity":3}}}
,"E:\\ws-projetos\\projeto-fiap-tech-challenger\\learn.io\\src\\useCases\\create-posts.ts": {"path":"E:\\ws-projetos\\projeto-fiap-tech-challenger\\learn.io\\src\\useCases\\create-posts.ts","statementMap":{"0":{"start":{"line":7,"column":22},"end":{"line":7,"column":57}},"1":{"start":{"line":10,"column":4},"end":{"line":11,"column":null}},"2":{"start":{"line":11,"column":6},"end":{"line":11,"column":null}},"3":{"start":{"line":13,"column":4},"end":{"line":13,"column":null}}},"fnMap":{"0":{"name":"(anonymous_0)","decl":{"start":{"line":7,"column":2},"end":{"line":7,"column":14}},"loc":{"start":{"line":7,"column":57},"end":{"line":7,"column":57}},"line":7},"1":{"name":"(anonymous_1)","decl":{"start":{"line":9,"column":8},"end":{"line":9,"column":16}},"loc":{"start":{"line":9,"column":62},"end":{"line":13,"column":null}},"line":9}},"branchMap":{"0":{"loc":{"start":{"line":10,"column":4},"end":{"line":11,"column":null}},"type":"if","locations":[{"start":{"line":10,"column":4},"end":{"line":11,"column":null}},{"start":{},"end":{}}],"line":10}},"s":{"0":2,"1":2,"2":1,"3":1},"f":{"0":2,"1":2},"b":{"0":[1,1]},"meta":{"lastBranch":1,"lastFunction":2,"lastStatement":4,"seen":{"f:7:2:7:14":0,"s:7:22:7:57":0,"f:9:8:9:16":1,"b:10:4:11:Infinity:undefined:undefined:undefined:undefined":0,"s:10:4:11:Infinity":1,"s:11:6:11:Infinity":2,"s:13:4:13:Infinity":3}}}
,"E:\\ws-projetos\\projeto-fiap-tech-challenger\\learn.io\\src\\useCases\\create-user.ts": {"path":"E:\\ws-projetos\\projeto-fiap-tech-challenger\\learn.io\\src\\useCases\\create-user.ts","statementMap":{"0":{"start":{"line":5,"column":22},"end":{"line":5,"column":56}},"1":{"start":{"line":8,"column":4},"end":{"line":8,"column":null}}},"fnMap":{"0":{"name":"(anonymous_0)","decl":{"start":{"line":5,"column":2},"end":{"line":5,"column":14}},"loc":{"start":{"line":5,"column":56},"end":{"line":5,"column":56}},"line":5},"1":{"name":"(anonymous_1)","decl":{"start":{"line":7,"column":8},"end":{"line":7,"column":16}},"loc":{"start":{"line":7,"column":55},"end":{"line":8,"column":null}},"line":7}},"branchMap":{},"s":{"0":2,"1":2},"f":{"0":2,"1":2},"b":{},"meta":{"lastBranch":0,"lastFunction":2,"lastStatement":2,"seen":{"f:5:2:5:14":0,"s:5:22:5:56":0,"f:7:8:7:16":1,"s:8:4:8:Infinity":1}}}
,"E:\\ws-projetos\\projeto-fiap-tech-challenger\\learn.io\\src\\useCases\\delete-posts.ts": {"path":"E:\\ws-projetos\\projeto-fiap-tech-challenger\\learn.io\\src\\useCases\\delete-posts.ts","statementMap":{"0":{"start":{"line":7,"column":22},"end":{"line":7,"column":57}},"1":{"start":{"line":10,"column":17},"end":{"line":10,"column":56}},"2":{"start":{"line":12,"column":4},"end":{"line":13,"column":null}},"3":{"start":{"line":13,"column":6},"end":{"line":13,"column":null}},"4":{"start":{"line":16,"column":4},"end":{"line":17,"column":null}},"5":{"start":{"line":17,"column":6},"end":{"line":17,"column":null}},"6":{"start":{"line":20,"column":4},"end":{"line":20,"column":null}}},"fnMap":{"0":{"name":"(anonymous_0)","decl":{"start":{"line":7,"column":2},"end":{"line":7,"column":14}},"loc":{"start":{"line":7,"column":57},"end":{"line":7,"column":57}},"line":7},"1":{"name":"(anonymous_1)","decl":{"start":{"line":9,"column":8},"end":{"line":9,"column":16}},"loc":{"start":{"line":9,"column":57},"end":{"line":20,"column":null}},"line":9}},"branchMap":{"0":{"loc":{"start":{"line":12,"column":4},"end":{"line":13,"column":null}},"type":"if","locations":[{"start":{"line":12,"column":4},"end":{"line":13,"column":null}},{"start":{},"end":{}}],"line":12},"1":{"loc":{"start":{"line":16,"column":4},"end":{"line":17,"column":null}},"type":"if","locations":[{"start":{"line":16,"column":4},"end":{"line":17,"column":null}},{"start":{},"end":{}}],"line":16}},"s":{"0":3,"1":3,"2":3,"3":1,"4":2,"5":1,"6":1},"f":{"0":3,"1":3},"b":{"0":[1,2],"1":[1,1]},"meta":{"lastBranch":2,"lastFunction":2,"lastStatement":7,"seen":{"f:7:2:7:14":0,"s:7:22:7:57":0,"f:9:8:9:16":1,"s:10:17:10:56":1,"b:12:4:13:Infinity:undefined:undefined:undefined:undefined":0,"s:12:4:13:Infinity":2,"s:13:6:13:Infinity":3,"b:16:4:17:Infinity:undefined:undefined:undefined:undefined":1,"s:16:4:17:Infinity":4,"s:17:6:17:Infinity":5,"s:20:4:20:Infinity":6}}}
,"E:\\ws-projetos\\projeto-fiap-tech-challenger\\learn.io\\src\\useCases\\find-address-by-person.ts": {"path":"E:\\ws-projetos\\projeto-fiap-tech-challenger\\learn.io\\src\\useCases\\find-address-by-person.ts","statementMap":{"0":{"start":{"line":5,"column":22},"end":{"line":5,"column":61}},"1":{"start":{"line":8,"column":22},"end":{"line":11,"column":null}},"2":{"start":{"line":14,"column":4},"end":{"line":14,"column":null}},"3":{"start":{"line":14,"column":20},"end":{"line":14,"column":null}},"4":{"start":{"line":16,"column":4},"end":{"line":16,"column":null}}},"fnMap":{"0":{"name":"(anonymous_0)","decl":{"start":{"line":5,"column":2},"end":{"line":5,"column":14}},"loc":{"start":{"line":5,"column":61},"end":{"line":5,"column":61}},"line":5},"1":{"name":"(anonymous_1)","decl":{"start":{"line":7,"column":8},"end":{"line":7,"column":16}},"loc":{"start":{"line":7,"column":64},"end":{"line":16,"column":null}},"line":7}},"branchMap":{"0":{"loc":{"start":{"line":14,"column":4},"end":{"line":14,"column":null}},"type":"if","locations":[{"start":{"line":14,"column":4},"end":{"line":14,"column":null}},{"start":{},"end":{}}],"line":14}},"s":{"0":3,"1":3,"2":3,"3":0,"4":3},"f":{"0":3,"1":3},"b":{"0":[0,3]},"meta":{"lastBranch":1,"lastFunction":2,"lastStatement":5,"seen":{"f:5:2:5:14":0,"s:5:22:5:61":0,"f:7:8:7:16":1,"s:8:22:11:Infinity":1,"b:14:4:14:Infinity:undefined:undefined:undefined:undefined":0,"s:14:4:14:Infinity":2,"s:14:20:14:Infinity":3,"s:16:4:16:Infinity":4}}}
,"E:\\ws-projetos\\projeto-fiap-tech-challenger\\learn.io\\src\\useCases\\find-all-posts.ts": {"path":"E:\\ws-projetos\\projeto-fiap-tech-challenger\\learn.io\\src\\useCases\\find-all-posts.ts","statementMap":{"0":{"start":{"line":7,"column":22},"end":{"line":7,"column":57}},"1":{"start":{"line":10,"column":4},"end":{"line":11,"column":null}},"2":{"start":{"line":11,"column":6},"end":{"line":11,"column":null}},"3":{"start":{"line":13,"column":4},"end":{"line":13,"column":null}}},"fnMap":{"0":{"name":"(anonymous_0)","decl":{"start":{"line":7,"column":2},"end":{"line":7,"column":14}},"loc":{"start":{"line":7,"column":57},"end":{"line":7,"column":57}},"line":7},"1":{"name":"(anonymous_1)","decl":{"start":{"line":9,"column":8},"end":{"line":9,"column":16}},"loc":{"start":{"line":9,"column":78},"end":{"line":13,"column":null}},"line":9}},"branchMap":{"0":{"loc":{"start":{"line":10,"column":4},"end":{"line":11,"column":null}},"type":"if","locations":[{"start":{"line":10,"column":4},"end":{"line":11,"column":null}},{"start":{},"end":{}}],"line":10},"1":{"loc":{"start":{"line":10,"column":8},"end":{"line":10,"column":64}},"type":"binary-expr","locations":[{"start":{"line":10,"column":8},"end":{"line":10,"column":39}},{"start":{"line":10,"column":39},"end":{"line":10,"column":64}}],"line":10}},"s":{"0":3,"1":3,"2":1,"3":2},"f":{"0":3,"1":3},"b":{"0":[1,2],"1":[3,2]},"meta":{"lastBranch":2,"lastFunction":2,"lastStatement":4,"seen":{"f:7:2:7:14":0,"s:7:22:7:57":0,"f:9:8:9:16":1,"b:10:4:11:Infinity:undefined:undefined:undefined:undefined":0,"s:10:4:11:Infinity":1,"b:10:8:10:39:10:39:10:64":1,"s:11:6:11:Infinity":2,"s:13:4:13:Infinity":3}}}
,"E:\\ws-projetos\\projeto-fiap-tech-challenger\\learn.io\\src\\useCases\\find-with-person.ts": {"path":"E:\\ws-projetos\\projeto-fiap-tech-challenger\\learn.io\\src\\useCases\\find-with-person.ts","statementMap":{"0":{"start":{"line":7,"column":22},"end":{"line":7,"column":55}},"1":{"start":{"line":10,"column":17},"end":{"line":10,"column":65}},"2":{"start":{"line":11,"column":4},"end":{"line":11,"column":null}},"3":{"start":{"line":11,"column":15},"end":{"line":11,"column":null}},"4":{"start":{"line":12,"column":4},"end":{"line":12,"column":null}}},"fnMap":{"0":{"name":"(anonymous_0)","decl":{"start":{"line":7,"column":2},"end":{"line":7,"column":14}},"loc":{"start":{"line":7,"column":55},"end":{"line":7,"column":55}},"line":7},"1":{"name":"(anonymous_1)","decl":{"start":{"line":9,"column":8},"end":{"line":9,"column":16}},"loc":{"start":{"line":9,"column":70},"end":{"line":12,"column":null}},"line":9}},"branchMap":{"0":{"loc":{"start":{"line":11,"column":4},"end":{"line":11,"column":null}},"type":"if","locations":[{"start":{"line":11,"column":4},"end":{"line":11,"column":null}},{"start":{},"end":{}}],"line":11}},"s":{"0":2,"1":2,"2":2,"3":1,"4":1},"f":{"0":2,"1":2},"b":{"0":[1,1]},"meta":{"lastBranch":1,"lastFunction":2,"lastStatement":5,"seen":{"f:7:2:7:14":0,"s:7:22:7:55":0,"f:9:8:9:16":1,"s:10:17:10:65":1,"b:11:4:11:Infinity:undefined:undefined:undefined:undefined":0,"s:11:4:11:Infinity":2,"s:11:15:11:Infinity":3,"s:12:4:12:Infinity":4}}}
,"E:\\ws-projetos\\projeto-fiap-tech-challenger\\learn.io\\src\\useCases\\search-posts.ts": {"path":"E:\\ws-projetos\\projeto-fiap-tech-challenger\\learn.io\\src\\useCases\\search-posts.ts","statementMap":{"0":{"start":{"line":6,"column":22},"end":{"line":6,"column":57}},"1":{"start":{"line":9,"column":4},"end":{"line":10,"column":null}},"2":{"start":{"line":10,"column":6},"end":{"line":10,"column":null}},"3":{"start":{"line":13,"column":4},"end":{"line":14,"column":null}},"4":{"start":{"line":14,"column":6},"end":{"line":14,"column":null}},"5":{"start":{"line":17,"column":18},"end":{"line":17,"column":58}},"6":{"start":{"line":18,"column":4},"end":{"line":18,"column":null}}},"fnMap":{"0":{"name":"(anonymous_0)","decl":{"start":{"line":6,"column":2},"end":{"line":6,"column":14}},"loc":{"start":{"line":6,"column":57},"end":{"line":6,"column":57}},"line":6},"1":{"name":"(anonymous_1)","decl":{"start":{"line":8,"column":8},"end":{"line":8,"column":16}},"loc":{"start":{"line":8,"column":45},"end":{"line":18,"column":null}},"line":8}},"branchMap":{"0":{"loc":{"start":{"line":9,"column":4},"end":{"line":10,"column":null}},"type":"if","locations":[{"start":{"line":9,"column":4},"end":{"line":10,"column":null}},{"start":{},"end":{}}],"line":9},"1":{"loc":{"start":{"line":13,"column":4},"end":{"line":14,"column":null}},"type":"if","locations":[{"start":{"line":13,"column":4},"end":{"line":14,"column":null}},{"start":{},"end":{}}],"line":13},"2":{"loc":{"start":{"line":13,"column":8},"end":{"line":13,"column":64}},"type":"binary-expr","locations":[{"start":{"line":13,"column":8},"end":{"line":13,"column":39}},{"start":{"line":13,"column":39},"end":{"line":13,"column":64}}],"line":13}},"s":{"0":2,"1":2,"2":0,"3":2,"4":0,"5":2,"6":2},"f":{"0":2,"1":2},"b":{"0":[0,2],"1":[0,2],"2":[2,2]},"meta":{"lastBranch":3,"lastFunction":2,"lastStatement":7,"seen":{"f:6:2:6:14":0,"s:6:22:6:57":0,"f:8:8:8:16":1,"b:9:4:10:Infinity:undefined:undefined:undefined:undefined":0,"s:9:4:10:Infinity":1,"s:10:6:10:Infinity":2,"b:13:4:14:Infinity:undefined:undefined:undefined:undefined":1,"s:13:4:14:Infinity":3,"b:13:8:13:39:13:39:13:64":2,"s:14:6:14:Infinity":4,"s:17:18:17:58":5,"s:18:4:18:Infinity":6}}}
,"E:\\ws-projetos\\projeto-fiap-tech-challenger\\learn.io\\src\\useCases\\signin.ts": {"path":"E:\\ws-projetos\\projeto-fiap-tech-challenger\\learn.io\\src\\useCases\\signin.ts","statementMap":{"0":{"start":{"line":5,"column":31},"end":{"line":5,"column":64}},"1":{"start":{"line":8,"column":17},"end":{"line":8,"column":67}},"2":{"start":{"line":10,"column":4},"end":{"line":10,"column":null}},"3":{"start":{"line":10,"column":15},"end":{"line":10,"column":null}},"4":{"start":{"line":12,"column":4},"end":{"line":12,"column":null}}},"fnMap":{"0":{"name":"(anonymous_0)","decl":{"start":{"line":5,"column":2},"end":{"line":5,"column":14}},"loc":{"start":{"line":5,"column":64},"end":{"line":5,"column":64}},"line":5},"1":{"name":"(anonymous_1)","decl":{"start":{"line":7,"column":8},"end":{"line":7,"column":16}},"loc":{"start":{"line":7,"column":34},"end":{"line":12,"column":null}},"line":7}},"branchMap":{"0":{"loc":{"start":{"line":10,"column":4},"end":{"line":10,"column":null}},"type":"if","locations":[{"start":{"line":10,"column":4},"end":{"line":10,"column":null}},{"start":{},"end":{}}],"line":10}},"s":{"0":2,"1":2,"2":2,"3":1,"4":1},"f":{"0":2,"1":2},"b":{"0":[1,1]},"meta":{"lastBranch":1,"lastFunction":2,"lastStatement":5,"seen":{"f:5:2:5:14":0,"s:5:31:5:64":0,"f:7:8:7:16":1,"s:8:17:8:67":1,"b:10:4:10:Infinity:undefined:undefined:undefined:undefined":0,"s:10:4:10:Infinity":2,"s:10:15:10:Infinity":3,"s:12:4:12:Infinity":4}}}
,"E:\\ws-projetos\\projeto-fiap-tech-challenger\\learn.io\\src\\useCases\\update-posts.ts": {"path":"E:\\ws-projetos\\projeto-fiap-tech-challenger\\learn.io\\src\\useCases\\update-posts.ts","statementMap":{"0":{"start":{"line":8,"column":22},"end":{"line":8,"column":57}},"1":{"start":{"line":11,"column":4},"end":{"line":12,"column":null}},"2":{"start":{"line":12,"column":6},"end":{"line":12,"column":null}},"3":{"start":{"line":15,"column":17},"end":{"line":15,"column":62}},"4":{"start":{"line":17,"column":4},"end":{"line":18,"column":null}},"5":{"start":{"line":18,"column":6},"end":{"line":18,"column":null}},"6":{"start":{"line":21,"column":4},"end":{"line":22,"column":null}},"7":{"start":{"line":22,"column":6},"end":{"line":22,"column":null}},"8":{"start":{"line":25,"column":4},"end":{"line":25,"column":null}}},"fnMap":{"0":{"name":"(anonymous_0)","decl":{"start":{"line":8,"column":2},"end":{"line":8,"column":14}},"loc":{"start":{"line":8,"column":57},"end":{"line":8,"column":57}},"line":8},"1":{"name":"(anonymous_1)","decl":{"start":{"line":10,"column":8},"end":{"line":10,"column":16}},"loc":{"start":{"line":10,"column":62},"end":{"line":25,"column":null}},"line":10}},"branchMap":{"0":{"loc":{"start":{"line":11,"column":4},"end":{"line":12,"column":null}},"type":"if","locations":[{"start":{"line":11,"column":4},"end":{"line":12,"column":null}},{"start":{},"end":{}}],"line":11},"1":{"loc":{"start":{"line":17,"column":4},"end":{"line":18,"column":null}},"type":"if","locations":[{"start":{"line":17,"column":4},"end":{"line":18,"column":null}},{"start":{},"end":{}}],"line":17},"2":{"loc":{"start":{"line":21,"column":4},"end":{"line":22,"column":null}},"type":"if","locations":[{"start":{"line":21,"column":4},"end":{"line":22,"column":null}},{"start":{},"end":{}}],"line":21}},"s":{"0":2,"1":2,"2":0,"3":2,"4":2,"5":0,"6":2,"7":1,"8":1},"f":{"0":2,"1":2},"b":{"0":[0,2],"1":[0,2],"2":[1,1]},"meta":{"lastBranch":3,"lastFunction":2,"lastStatement":9,"seen":{"f:8:2:8:14":0,"s:8:22:8:57":0,"f:10:8:10:16":1,"b:11:4:12:Infinity:undefined:undefined:undefined:undefined":0,"s:11:4:12:Infinity":1,"s:12:6:12:Infinity":2,"s:15:17:15:62":3,"b:17:4:18:Infinity:undefined:undefined:undefined:undefined":1,"s:17:4:18:Infinity":4,"s:18:6:18:Infinity":5,"b:21:4:22:Infinity:undefined:undefined:undefined:undefined":2,"s:21:4:22:Infinity":6,"s:22:6:22:Infinity":7,"s:25:4:25:Infinity":8}}}
,"E:\\ws-projetos\\projeto-fiap-tech-challenger\\learn.io\\src\\useCases\\errors\\UnauthorizedError.ts": {"path":"E:\\ws-projetos\\projeto-fiap-tech-challenger\\learn.io\\src\\useCases\\errors\\UnauthorizedError.ts","statementMap":{"0":{"start":{"line":3,"column":4},"end":{"line":3,"column":null}}},"fnMap":{"0":{"name":"(anonymous_0)","decl":{"start":{"line":2,"column":2},"end":{"line":2,"column":16}},"loc":{"start":{"line":2,"column":16},"end":{"line":3,"column":null}},"line":2}},"branchMap":{},"s":{"0":4},"f":{"0":4},"b":{},"meta":{"lastBranch":0,"lastFunction":1,"lastStatement":1,"seen":{"f:2:2:2:16":0,"s:3:4:3:Infinity":0}}}
,"E:\\ws-projetos\\projeto-fiap-tech-challenger\\learn.io\\src\\useCases\\errors\\invalid-credencials-error.ts": {"path":"E:\\ws-projetos\\projeto-fiap-tech-challenger\\learn.io\\src\\useCases\\errors\\invalid-credencials-error.ts","statementMap":{"0":{"start":{"line":3,"column":4},"end":{"line":3,"column":null}}},"fnMap":{"0":{"name":"(anonymous_0)","decl":{"start":{"line":2,"column":2},"end":{"line":2,"column":16}},"loc":{"start":{"line":2,"column":16},"end":{"line":3,"column":null}},"line":2}},"branchMap":{},"s":{"0":1},"f":{"0":1},"b":{},"meta":{"lastBranch":0,"lastFunction":1,"lastStatement":1,"seen":{"f:2:2:2:16":0,"s:3:4:3:Infinity":0}}}
,"E:\\ws-projetos\\projeto-fiap-tech-challenger\\learn.io\\src\\useCases\\errors\\resource-not-found-error.ts": {"path":"E:\\ws-projetos\\projeto-fiap-tech-challenger\\learn.io\\src\\useCases\\errors\\resource-not-found-error.ts","statementMap":{"0":{"start":{"line":3,"column":4},"end":{"line":3,"column":null}}},"fnMap":{"0":{"name":"(anonymous_0)","decl":{"start":{"line":2,"column":2},"end":{"line":2,"column":16}},"loc":{"start":{"line":2,"column":16},"end":{"line":3,"column":null}},"line":2}},"branchMap":{},"s":{"0":3},"f":{"0":3},"b":{},"meta":{"lastBranch":0,"lastFunction":1,"lastStatement":1,"seen":{"f:2:2:2:16":0,"s:3:4:3:Infinity":0}}}
}
